http://rdc28.cwb.gov.tw/TDB/ntdb/pageControl/typhoon?year=2018&num=201822&name=MANGKHUT&from_warning=true
http://rdc28.cwb.gov.tw/TDB/ntdb/pageControl/typhoon?year=2018&num=201808&name=MARIA&from_warning=true
http://rdc28.cwb.gov.tw/TDB/ntdb/pageControl/typhoon?year=2017&num=201718&name=TALIM&from_warning=true
http://rdc28.cwb.gov.tw/TDB/ntdb/pageControl/typhoon?year=2017&num=201717&name=GUCHOL&from_warning=true
http://rdc28.cwb.gov.tw/TDB/ntdb/pageControl/typhoon?year=2017&num=201713&name=HATO&from_warning=true
http://rdc28.cwb.gov.tw/TDB/ntdb/pageControl/typhoon?year=2017&num=201710&name=HAITANG&from_warning=true
http://rdc28.cwb.gov.tw/TDB/ntdb/pageControl/typhoon?year=2017&num=201709&name=NESAT&from_warning=true
http://rdc28.cwb.gov.tw/TDB/ntdb/pageControl/typhoon?year=2016&num=201619&name=AERE&from_warning=true
http://rdc28.cwb.gov.tw/TDB/ntdb/pageControl/typhoon?year=2016&num=201617&name=MEGI&from_warning=true
http://rdc28.cwb.gov.tw/TDB/ntdb/pageControl/typhoon?year=2016&num=201616&name=MALAKAS&from_warning=true
http://rdc28.cwb.gov.tw/TDB/ntdb/pageControl/typhoon?year=2016&num=201614&name=MERANTI&from_warning=true
http://rdc28.cwb.gov.tw/TDB/ntdb/pageControl/typhoon?year=2016&num=201601&name=NEPARTAK&from_warning=true
http://rdc28.cwb.gov.tw/TDB/ntdb/pageControl/typhoon?year=2015&num=201521&name=DUJUAN&from_warning=true
http://rdc28.cwb.gov.tw/TDB/ntdb/pageControl/typhoon?year=2015&num=201515&name=GONI&from_warning=true
http://rdc28.cwb.gov.tw/TDB/ntdb/pageControl/typhoon?year=2015&num=201513&name=SOUDELOR&from_warning=true
http://rdc28.cwb.gov.tw/TDB/ntdb/pageControl/typhoon?year=2015&num=201510&name=LINFA&from_warning=true
http://rdc28.cwb.gov.tw/TDB/ntdb/pageControl/typhoon?year=2015&num=201509&name=CHAN-HOM&from_warning=true
http://rdc28.cwb.gov.tw/TDB/ntdb/pageControl/typhoon?year=2015&num=201506&name=NOUL&from_warning=true
http://rdc28.cwb.gov.tw/TDB/ntdb/pageControl/typhoon?year=2014&num=201416&name=FUNG-WONG&from_warning=true
http://rdc28.cwb.gov.tw/TDB/ntdb/pageControl/typhoon?year=2014&num=201410&name=MATMO&from_warning=true
http://rdc28.cwb.gov.tw/TDB/ntdb/pageControl/typhoon?year=2014&num=201407&name=HAGIBIS&from_warning=true
http://rdc28.cwb.gov.tw/TDB/ntdb/pageControl/typhoon?year=2013&num=201323&name=FITOW&from_warning=true
http://rdc28.cwb.gov.tw/TDB/ntdb/pageControl/typhoon?year=2013&num=201319&name=USAGI&from_warning=true
http://rdc28.cwb.gov.tw/TDB/ntdb/pageControl/typhoon?year=2013&num=201315&name=KONG-REY&from_warning=true
http://rdc28.cwb.gov.tw/TDB/ntdb/pageControl/typhoon?year=2013&num=201312&name=TRAMI&from_warning=true
http://rdc28.cwb.gov.tw/TDB/ntdb/pageControl/typhoon?year=2013&num=201308&name=CIMARON&from_warning=true
http://rdc28.cwb.gov.tw/TDB/ntdb/pageControl/typhoon?year=2013&num=201307&name=SOULIK&from_warning=true
http://rdc28.cwb.gov.tw/TDB/ntdb/pageControl/typhoon?year=2012&num=201217&name=JELAWAT&from_warning=true
http://rdc28.cwb.gov.tw/TDB/ntdb/pageControl/typhoon?year=2012&num=201214&name=TEMBIN&from_warning=true
http://rdc28.cwb.gov.tw/TDB/ntdb/pageControl/typhoon?year=2012&num=201213&name=KAI-TAK&from_warning=true
http://rdc28.cwb.gov.tw/TDB/ntdb/pageControl/typhoon?year=2012&num=201211&name=HAIKUI&from_warning=true
http://rdc28.cwb.gov.tw/TDB/ntdb/pageControl/typhoon?year=2012&num=201209&name=SAOLA&from_warning=true
http://rdc28.cwb.gov.tw/TDB/ntdb/pageControl/typhoon?year=2012&num=201206&name=DOKSURI&from_warning=true
http://rdc28.cwb.gov.tw/TDB/ntdb/pageControl/typhoon?year=2012&num=201205&name=TALIM&from_warning=true
http://rdc28.cwb.gov.tw/TDB/ntdb/pageControl/typhoon?year=2011&num=201111&name=NANMADOL&from_warning=true
http://rdc28.cwb.gov.tw/TDB/ntdb/pageControl/typhoon?year=2011&num=201109&name=MUIFA&from_warning=true
http://rdc28.cwb.gov.tw/TDB/ntdb/pageControl/typhoon?year=2011&num=201105&name=MEARI&from_warning=true
http://rdc28.cwb.gov.tw/TDB/ntdb/pageControl/typhoon?year=2011&num=201102&name=SONGDA&from_warning=true
http://rdc28.cwb.gov.tw/TDB/ntdb/pageControl/typhoon?year=2011&num=201101&name=AERE&from_warning=true
http://rdc28.cwb.gov.tw/TDB/ntdb/pageControl/typhoon?year=2010&num=201013&name=MEGI&from_warning=true
http://rdc28.cwb.gov.tw/TDB/ntdb/pageControl/typhoon?year=2010&num=201011&name=FANAPI&from_warning=true
http://rdc28.cwb.gov.tw/TDB/ntdb/pageControl/typhoon?year=2010&num=201010&name=MERANTI&from_warning=true
http://rdc28.cwb.gov.tw/TDB/ntdb/pageControl/typhoon?year=2010&num=201008&name=NAMTHEUN&from_warning=true
http://rdc28.cwb.gov.tw/TDB/ntdb/pageControl/typhoon?year=2010&num=201006&name=LIONROCK&from_warning=true
http://rdc28.cwb.gov.tw/TDB/ntdb/pageControl/typhoon?year=2009&num=200917&name=PARMA&from_warning=true
http://rdc28.cwb.gov.tw/TDB/ntdb/pageControl/typhoon?year=2009&num=200908&name=MORAKOT&from_warning=true
http://rdc28.cwb.gov.tw/TDB/ntdb/pageControl/typhoon?year=2009&num=200906&name=MOLAVE&from_warning=true
http://rdc28.cwb.gov.tw/TDB/ntdb/pageControl/typhoon?year=2009&num=200903&name=LINFA&from_warning=true
http://rdc28.cwb.gov.tw/TDB/ntdb/pageControl/typhoon?year=2008&num=200815&name=JANGMI&from_warning=true
http://rdc28.cwb.gov.tw/TDB/ntdb/pageControl/typhoon?year=2008&num=200814&name=HAGUPIT&from_warning=true
http://rdc28.cwb.gov.tw/TDB/ntdb/pageControl/typhoon?year=2008&num=200813&name=SINLAKU&from_warning=true
http://rdc28.cwb.gov.tw/TDB/ntdb/pageControl/typhoon?year=2008&num=200812&name=NURI&from_warning=true
http://rdc28.cwb.gov.tw/TDB/ntdb/pageControl/typhoon?year=2008&num=200808&name=FUNG-WONG&from_warning=true
http://rdc28.cwb.gov.tw/TDB/ntdb/pageControl/typhoon?year=2008&num=200807&name=KALMAEGI&from_warning=true
http://rdc28.cwb.gov.tw/TDB/ntdb/pageControl/typhoon?year=2007&num=200723&name=MITAG&from_warning=true
http://rdc28.cwb.gov.tw/TDB/ntdb/pageControl/typhoon?year=2007&num=200715&name=KROSA&from_warning=true
http://rdc28.cwb.gov.tw/TDB/ntdb/pageControl/typhoon?year=2007&num=200712&name=WIPHA&from_warning=true
http://rdc28.cwb.gov.tw/TDB/ntdb/pageControl/typhoon?year=2007&num=200708&name=SEPAT&from_warning=true
http://rdc28.cwb.gov.tw/TDB/ntdb/pageControl/typhoon?year=2007&num=200707&name=WUTIP&from_warning=true
http://rdc28.cwb.gov.tw/TDB/ntdb/pageControl/typhoon?year=2007&num=200706&name=PABUK&from_warning=true
http://rdc28.cwb.gov.tw/TDB/ntdb/pageControl/typhoon?year=2006&num=200613&name=SHANSHAN&from_warning=true
http://rdc28.cwb.gov.tw/TDB/ntdb/pageControl/typhoon?year=2006&num=200609&name=BOPHA&from_warning=true
http://rdc28.cwb.gov.tw/TDB/ntdb/pageControl/typhoon?year=2006&num=200608&name=SAOMAI&from_warning=true
http://rdc28.cwb.gov.tw/TDB/ntdb/pageControl/typhoon?year=2006&num=200605&name=KAEMI&from_warning=true
http://rdc28.cwb.gov.tw/TDB/ntdb/pageControl/typhoon?year=2006&num=200604&name=BILIS&from_warning=true
http://rdc28.cwb.gov.tw/TDB/ntdb/pageControl/typhoon?year=2006&num=200603&name=EWINIAR&from_warning=true
http://rdc28.cwb.gov.tw/TDB/ntdb/pageControl/typhoon?year=2006&num=200601&name=CHANCHU&from_warning=true
http://rdc28.cwb.gov.tw/TDB/ntdb/pageControl/typhoon?year=2005&num=200519&name=LONGWANG&from_warning=true
http://rdc28.cwb.gov.tw/TDB/ntdb/pageControl/typhoon?year=2005&num=200518&name=DAMREY&from_warning=true
http://rdc28.cwb.gov.tw/TDB/ntdb/pageControl/typhoon?year=2005&num=200515&name=KHANUN&from_warning=true
http://rdc28.cwb.gov.tw/TDB/ntdb/pageControl/typhoon?year=2005&num=200513&name=TALIM&from_warning=true
http://rdc28.cwb.gov.tw/TDB/ntdb/pageControl/typhoon?year=2005&num=200510&name=SANVU&from_warning=true
http://rdc28.cwb.gov.tw/TDB/ntdb/pageControl/typhoon?year=2005&num=200509&name=MATSA&from_warning=true
http://rdc28.cwb.gov.tw/TDB/ntdb/pageControl/typhoon?year=2005&num=200505&name=HAITANG&from_warning=true
http://rdc28.cwb.gov.tw/TDB/ntdb/pageControl/typhoon?year=2004&num=200427&name=NANMADOL&from_warning=true
http://rdc28.cwb.gov.tw/TDB/ntdb/pageControl/typhoon?year=2004&num=200424&name=NOCK-TEN&from_warning=true
http://rdc28.cwb.gov.tw/TDB/ntdb/pageControl/typhoon?year=2004&num=200421&name=MEARI&from_warning=true
http://rdc28.cwb.gov.tw/TDB/ntdb/pageControl/typhoon?year=2004&num=200420&name=HAIMA&from_warning=true
http://rdc28.cwb.gov.tw/TDB/ntdb/pageControl/typhoon?year=2004&num=200417&name=AERE&from_warning=true
http://rdc28.cwb.gov.tw/TDB/ntdb/pageControl/typhoon?year=2004&num=200413&name=RANANIM&from_warning=true
http://rdc28.cwb.gov.tw/TDB/ntdb/pageControl/typhoon?year=2004&num=200409&name=KOMPASU&from_warning=true
http://rdc28.cwb.gov.tw/TDB/ntdb/pageControl/typhoon?year=2004&num=200407&name=MINDULLE&from_warning=true
http://rdc28.cwb.gov.tw/TDB/ntdb/pageControl/typhoon?year=2004&num=200404&name=CONSON&from_warning=true
http://rdc28.cwb.gov.tw/TDB/ntdb/pageControl/typhoon?year=2003&num=200319&name=MELOR&from_warning=true
http://rdc28.cwb.gov.tw/TDB/ntdb/pageControl/typhoon?year=2003&num=200313&name=DUJUAN&from_warning=true
http://rdc28.cwb.gov.tw/TDB/ntdb/pageControl/typhoon?year=2003&num=200312&name=KROVANH&from_warning=true
http://rdc28.cwb.gov.tw/TDB/ntdb/pageControl/typhoon?year=2003&num=200311&name=VAMCO&from_warning=true
http://rdc28.cwb.gov.tw/TDB/ntdb/pageControl/typhoon?year=2003&num=200309&name=MORAKOT&from_warning=true
http://rdc28.cwb.gov.tw/TDB/ntdb/pageControl/typhoon?year=2003&num=200307&name=IMBUDO&from_warning=true
http://rdc28.cwb.gov.tw/TDB/ntdb/pageControl/typhoon?year=2003&num=200306&name=SOUDELOR&from_warning=true
http://rdc28.cwb.gov.tw/TDB/ntdb/pageControl/typhoon?year=2003&num=200305&name=NANGKA&from_warning=true
http://rdc28.cwb.gov.tw/TDB/ntdb/pageControl/typhoon?year=2003&num=200302&name=KUJIRA&from_warning=true
http://rdc28.cwb.gov.tw/TDB/ntdb/pageControl/typhoon?year=2002&num=200216&name=SINLAKU&from_warning=true
http://rdc28.cwb.gov.tw/TDB/ntdb/pageControl/typhoon?year=2002&num=200208&name=NAKRI&from_warning=true
http://rdc28.cwb.gov.tw/TDB/ntdb/pageControl/typhoon?year=2002&num=200205&name=RAMMASUN&from_warning=true
http://rdc28.cwb.gov.tw/TDB/ntdb/pageControl/typhoon?year=2001&num=200121&name=HAIYAN&from_warning=true
http://rdc28.cwb.gov.tw/TDB/ntdb/pageControl/typhoon?year=2001&num=200119&name=LEKIMA&from_warning=true
http://rdc28.cwb.gov.tw/TDB/ntdb/pageControl/typhoon?year=2001&num=200116&name=NARI&from_warning=true
http://rdc28.cwb.gov.tw/TDB/ntdb/pageControl/typhoon?year=2001&num=200108&name=TORAJI&from_warning=true
http://rdc28.cwb.gov.tw/TDB/ntdb/pageControl/typhoon?year=2001&num=200107&name=YUTU&from_warning=true
http://rdc28.cwb.gov.tw/TDB/ntdb/pageControl/typhoon?year=2001&num=200105&name=TRAMI&from_warning=true
http://rdc28.cwb.gov.tw/TDB/ntdb/pageControl/typhoon?year=2001&num=200104&name=UTOR&from_warning=true
http://rdc28.cwb.gov.tw/TDB/ntdb/pageControl/typhoon?year=2001&num=200102&name=CHEBI&from_warning=true
http://rdc28.cwb.gov.tw/TDB/ntdb/pageControl/typhoon?year=2001&num=200101&name=CIMARON&from_warning=true
http://rdc28.cwb.gov.tw/TDB/ntdb/pageControl/typhoon?year=2000&num=200021&name=BEBINCA&from_warning=true
http://rdc28.cwb.gov.tw/TDB/ntdb/pageControl/typhoon?year=2000&num=200020&name=XANGSANE&from_warning=true
http://rdc28.cwb.gov.tw/TDB/ntdb/pageControl/typhoon?year=2000&num=200019&name=YAGI&from_warning=true
http://rdc28.cwb.gov.tw/TDB/ntdb/pageControl/typhoon?year=2000&num=200015&name=BOPHA&from_warning=true
http://rdc28.cwb.gov.tw/TDB/ntdb/pageControl/typhoon?year=2000&num=200012&name=PRAPIROON&from_warning=true
http://rdc28.cwb.gov.tw/TDB/ntdb/pageControl/typhoon?year=2000&num=200010&name=BILIS&from_warning=true
http://rdc28.cwb.gov.tw/TDB/ntdb/pageControl/typhoon?year=2000&num=200004&name=KAI-TAK&from_warning=true
http://rdc28.cwb.gov.tw/TDB/ntdb/pageControl/typhoon?year=1999&num=199920&name=DAN&from_warning=true
http://rdc28.cwb.gov.tw/TDB/ntdb/pageControl/typhoon?year=1999&num=199911&name=SAM&from_warning=true
http://rdc28.cwb.gov.tw/TDB/ntdb/pageControl/typhoon?year=1999&num=199906&name=MAGGIE&from_warning=true
http://rdc28.cwb.gov.tw/TDB/ntdb/pageControl/typhoon?year=1998&num=199812&name=BABS&from_warning=true
http://rdc28.cwb.gov.tw/TDB/ntdb/pageControl/typhoon?year=1998&num=199810&name=ZEB&from_warning=true
http://rdc28.cwb.gov.tw/TDB/ntdb/pageControl/typhoon?year=1998&num=199809&name=YANNI&from_warning=true
http://rdc28.cwb.gov.tw/TDB/ntdb/pageControl/typhoon?year=1998&num=199802&name=OTTO&from_warning=true
http://rdc28.cwb.gov.tw/TDB/ntdb/pageControl/typhoon?year=1998&num=199801&name=NICHOLE&from_warning=true
http://rdc28.cwb.gov.tw/TDB/ntdb/pageControl/typhoon?year=1997&num=199726&name=IVAN&from_warning=true
http://rdc28.cwb.gov.tw/TDB/ntdb/pageControl/typhoon?year=1997&num=199719&name=CASS&from_warning=true
http://rdc28.cwb.gov.tw/TDB/ntdb/pageControl/typhoon?year=1997&num=199717&name=AMBER&from_warning=true
http://rdc28.cwb.gov.tw/TDB/ntdb/pageControl/typhoon?year=1997&num=199714&name=WINNIE&from_warning=true
http://rdc28.cwb.gov.tw/TDB/ntdb/pageControl/typhoon?year=1996&num=199623&name=ZANE&from_warning=true
http://rdc28.cwb.gov.tw/TDB/ntdb/pageControl/typhoon?year=1996&num=199620&name=VIOLET&from_warning=true
http://rdc28.cwb.gov.tw/TDB/ntdb/pageControl/typhoon?year=1996&num=199618&name=SALLY&from_warning=true
http://rdc28.cwb.gov.tw/TDB/ntdb/pageControl/typhoon?year=1996&num=199612&name=LISA&from_warning=true
http://rdc28.cwb.gov.tw/TDB/ntdb/pageControl/typhoon?year=1996&num=199608&name=HERB&from_warning=true
http://rdc28.cwb.gov.tw/TDB/ntdb/pageControl/typhoon?year=1996&num=199607&name=GLORIA&from_warning=true
http://rdc28.cwb.gov.tw/TDB/ntdb/pageControl/typhoon?year=1996&num=199603&name=CAM&from_warning=true
http://rdc28.cwb.gov.tw/TDB/ntdb/pageControl/typhoon?year=1995&num=199515&name=RYAN&from_warning=true
http://rdc28.cwb.gov.tw/TDB/ntdb/pageControl/typhoon?year=1995&num=199509&name=KENT&from_warning=true
http://rdc28.cwb.gov.tw/TDB/ntdb/pageControl/typhoon?year=1995&num=199508&name=JANIS&from_warning=true
http://rdc28.cwb.gov.tw/TDB/ntdb/pageControl/typhoon?year=1995&num=199506&name=HELEN&from_warning=true
http://rdc28.cwb.gov.tw/TDB/ntdb/pageControl/typhoon?year=1995&num=199505&name=GARY&from_warning=true
http://rdc28.cwb.gov.tw/TDB/ntdb/pageControl/typhoon?year=1995&num=199502&name=DEANNA&from_warning=true
http://rdc28.cwb.gov.tw/TDB/ntdb/pageControl/typhoon?year=1994&num=199427&name=SETH&from_warning=true
http://rdc28.cwb.gov.tw/TDB/ntdb/pageControl/typhoon?year=1994&num=199416&name=GLADYS&from_warning=true
http://rdc28.cwb.gov.tw/TDB/ntdb/pageControl/typhoon?year=1994&num=199415&name=FRED&from_warning=true
http://rdc28.cwb.gov.tw/TDB/ntdb/pageControl/typhoon?year=1994&num=199413&name=DOUG&from_warning=true
http://rdc28.cwb.gov.tw/TDB/ntdb/pageControl/typhoon?year=1994&num=199412&name=CAITLIN&from_warning=true
http://rdc28.cwb.gov.tw/TDB/ntdb/pageControl/typhoon?year=1994&num=199405&name=TIM&from_warning=true
http://rdc28.cwb.gov.tw/TDB/ntdb/pageControl/typhoon?year=1993&num=199316&name=ABE&from_warning=true
http://rdc28.cwb.gov.tw/TDB/ntdb/pageControl/typhoon?year=1993&num=199314&name=YANCY&from_warning=true
http://rdc28.cwb.gov.tw/TDB/ntdb/pageControl/typhoon?year=1993&num=199311&name=TASHA&from_warning=true
http://rdc28.cwb.gov.tw/TDB/ntdb/pageControl/typhoon?year=1992&num=199219&name=TED&from_warning=true
http://rdc28.cwb.gov.tw/TDB/ntdb/pageControl/typhoon?year=1992&num=199216&name=POLLY&from_warning=true
http://rdc28.cwb.gov.tw/TDB/ntdb/pageControl/typhoon?year=1992&num=199215&name=OMAR&from_warning=true
http://rdc28.cwb.gov.tw/TDB/ntdb/pageControl/typhoon?year=1992&num=199213&name=MARK&from_warning=true
http://rdc28.cwb.gov.tw/TDB/ntdb/pageControl/typhoon?year=1992&num=199202&name=BOBBIE&from_warning=true
http://rdc28.cwb.gov.tw/TDB/ntdb/pageControl/typhoon?year=1991&num=199124&name=SETH&from_warning=true
http://rdc28.cwb.gov.tw/TDB/ntdb/pageControl/typhoon?year=1991&num=199123&name=RUTH&from_warning=true
http://rdc28.cwb.gov.tw/TDB/ntdb/pageControl/typhoon?year=1991&num=199120&name=NAT&from_warning=true
http://rdc28.cwb.gov.tw/TDB/ntdb/pageControl/typhoon?year=1991&num=199119&name=MIREILLE&from_warning=true
http://rdc28.cwb.gov.tw/TDB/ntdb/pageControl/typhoon?year=1991&num=199111&name=ELLIE&from_warning=true
http://rdc28.cwb.gov.tw/TDB/ntdb/pageControl/typhoon?year=1991&num=199108&name=BRENDAN&from_warning=true
http://rdc28.cwb.gov.tw/TDB/ntdb/pageControl/typhoon?year=1991&num=199107&name=AMY&from_warning=true
http://rdc28.cwb.gov.tw/TDB/ntdb/pageControl/typhoon?year=1990&num=199018&name=ED&from_warning=true
http://rdc28.cwb.gov.tw/TDB/ntdb/pageControl/typhoon?year=1990&num=199017&name=DOT&from_warning=true
http://rdc28.cwb.gov.tw/TDB/ntdb/pageControl/typhoon?year=1990&num=199015&name=BECKY&from_warning=true
http://rdc28.cwb.gov.tw/TDB/ntdb/pageControl/typhoon?year=1990&num=199014&name=ABE&from_warning=true
http://rdc28.cwb.gov.tw/TDB/ntdb/pageControl/typhoon?year=1990&num=199012&name=YANCY&from_warning=true
http://rdc28.cwb.gov.tw/TDB/ntdb/pageControl/typhoon?year=1990&num=199007&name=ROBYN&from_warning=true
http://rdc28.cwb.gov.tw/TDB/ntdb/pageControl/typhoon?year=1990&num=199006&name=PERCY&from_warning=true
http://rdc28.cwb.gov.tw/TDB/ntdb/pageControl/typhoon?year=1990&num=199005&name=OFELIA&from_warning=true
http://rdc28.cwb.gov.tw/TDB/ntdb/pageControl/typhoon?year=1990&num=199003&name=MARIAN&from_warning=true
http://rdc28.cwb.gov.tw/TDB/ntdb/pageControl/typhoon?year=1989&num=198923&name=ANGELA&from_warning=true
http://rdc28.cwb.gov.tw/TDB/ntdb/pageControl/typhoon?year=1989&num=198921&name=VERA&from_warning=true
http://rdc28.cwb.gov.tw/TDB/ntdb/pageControl/typhoon?year=1989&num=198919&name=SARAH&from_warning=true
http://rdc28.cwb.gov.tw/TDB/ntdb/pageControl/typhoon?year=1989&num=198913&name=LOLA&from_warning=true
http://rdc28.cwb.gov.tw/TDB/ntdb/pageControl/typhoon?year=1989&num=198909&name=HOPE&from_warning=true
http://rdc28.cwb.gov.tw/TDB/ntdb/pageControl/typhoon?year=1989&num=198908&name=GORDON&from_warning=true
http://rdc28.cwb.gov.tw/TDB/ntdb/pageControl/typhoon?year=1989&num=198903&name=BRENDA&from_warning=true
http://rdc28.cwb.gov.tw/TDB/ntdb/pageControl/typhoon?year=1988&num=198822&name=RUBY&from_warning=true
http://rdc28.cwb.gov.tw/TDB/ntdb/pageControl/typhoon?year=1988&num=198821&name=PAT&from_warning=true
http://rdc28.cwb.gov.tw/TDB/ntdb/pageControl/typhoon?year=1988&num=198820&name=ODESSA&from_warning=true
http://rdc28.cwb.gov.tw/TDB/ntdb/pageControl/typhoon?year=1988&num=198819&name=NELSON&from_warning=true
http://rdc28.cwb.gov.tw/TDB/ntdb/pageControl/typhoon?year=1988&num=198817&name=LEE&from_warning=true
http://rdc28.cwb.gov.tw/TDB/ntdb/pageControl/typhoon?year=1988&num=198816&name=KIT&from_warning=true
http://rdc28.cwb.gov.tw/TDB/ntdb/pageControl/typhoon?year=1988&num=198805&name=WARREN&from_warning=true
http://rdc28.cwb.gov.tw/TDB/ntdb/pageControl/typhoon?year=1988&num=198802&name=SUSAN&from_warning=true
http://rdc28.cwb.gov.tw/TDB/ntdb/pageControl/typhoon?year=1987&num=198720&name=LYNN&from_warning=true
http://rdc28.cwb.gov.tw/TDB/ntdb/pageControl/typhoon?year=1987&num=198714&name=GERALD&from_warning=true
http://rdc28.cwb.gov.tw/TDB/ntdb/pageControl/typhoon?year=1987&num=198711&name=DINAH&from_warning=true
http://rdc28.cwb.gov.tw/TDB/ntdb/pageControl/typhoon?year=1987&num=198710&name=CARY&from_warning=true
http://rdc28.cwb.gov.tw/TDB/ntdb/pageControl/typhoon?year=1987&num=198708&name=ALEX&from_warning=true
http://rdc28.cwb.gov.tw/TDB/ntdb/pageControl/typhoon?year=1987&num=198706&name=VERNON&from_warning=true
http://rdc28.cwb.gov.tw/TDB/ntdb/pageControl/typhoon?year=1987&num=198705&name=THELMA&from_warning=true
http://rdc28.cwb.gov.tw/TDB/ntdb/pageControl/typhoon?year=1986&num=198617&name=ELLEN&from_warning=true
http://rdc28.cwb.gov.tw/TDB/ntdb/pageControl/typhoon?year=1986&num=198613&name=ABBY&from_warning=true
http://rdc28.cwb.gov.tw/TDB/ntdb/pageControl/typhoon?year=1986&num=198612&name=WAYNE&from_warning=true
http://rdc28.cwb.gov.tw/TDB/ntdb/pageControl/typhoon?year=1986&num=198611&name=VERA&from_warning=true
http://rdc28.cwb.gov.tw/TDB/ntdb/pageControl/typhoon?year=1986&num=198609&name=SARAH&from_warning=true
http://rdc28.cwb.gov.tw/TDB/ntdb/pageControl/typhoon?year=1986&num=198607&name=PEGGY&from_warning=true
http://rdc28.cwb.gov.tw/TDB/ntdb/pageControl/typhoon?year=1986&num=198605&name=NANCY&from_warning=true
http://rdc28.cwb.gov.tw/TDB/ntdb/pageControl/typhoon?year=1985&num=198519&name=BRENDA&from_warning=true
http://rdc28.cwb.gov.tw/TDB/ntdb/pageControl/typhoon?year=1985&num=198516&name=VAL&from_warning=true
http://rdc28.cwb.gov.tw/TDB/ntdb/pageControl/typhoon?year=1985&num=198515&name=TESS&from_warning=true
http://rdc28.cwb.gov.tw/TDB/ntdb/pageControl/typhoon?year=1985&num=198512&name=PAT&from_warning=true
http://rdc28.cwb.gov.tw/TDB/ntdb/pageControl/typhoon?year=1985&num=198510&name=NELSON&from_warning=true
http://rdc28.cwb.gov.tw/TDB/ntdb/pageControl/typhoon?year=1985&num=198506&name=JEFF&from_warning=true
http://rdc28.cwb.gov.tw/TDB/ntdb/pageControl/typhoon?year=1985&num=198504&name=HAL&from_warning=true
http://rdc28.cwb.gov.tw/TDB/ntdb/pageControl/typhoon?year=1984&num=198425&name=BILL&from_warning=true
http://rdc28.cwb.gov.tw/TDB/ntdb/pageControl/typhoon?year=1984&num=198412&name=JUNE&from_warning=true
http://rdc28.cwb.gov.tw/TDB/ntdb/pageControl/typhoon?year=1984&num=198410&name=HOLLY&from_warning=true
http://rdc28.cwb.gov.tw/TDB/ntdb/pageControl/typhoon?year=1984&num=198409&name=GERALD&from_warning=true
http://rdc28.cwb.gov.tw/TDB/ntdb/pageControl/typhoon?year=1984&num=198408&name=FREDA&from_warning=true
http://rdc28.cwb.gov.tw/TDB/ntdb/pageControl/typhoon?year=1984&num=198403&name=ALEX&from_warning=true
http://rdc28.cwb.gov.tw/TDB/ntdb/pageControl/typhoon?year=1984&num=198402&name=WYNNE&from_warning=true
http://rdc28.cwb.gov.tw/TDB/ntdb/pageControl/typhoon?year=1983&num=198310&name=FORREST&from_warning=true
http://rdc28.cwb.gov.tw/TDB/ntdb/pageControl/typhoon?year=1983&num=198309&name=ELLEN&from_warning=true
http://rdc28.cwb.gov.tw/TDB/ntdb/pageControl/typhoon?year=1983&num=198305&name=ABBY&from_warning=true
http://rdc28.cwb.gov.tw/TDB/ntdb/pageControl/typhoon?year=1983&num=198304&name=WAYNE&from_warning=true
http://rdc28.cwb.gov.tw/TDB/ntdb/pageControl/typhoon?year=1982&num=198223&name=NANCY&from_warning=true
http://rdc28.cwb.gov.tw/TDB/ntdb/pageControl/typhoon?year=1982&num=198220&name=KEN&from_warning=true
http://rdc28.cwb.gov.tw/TDB/ntdb/pageControl/typhoon?year=1982&num=198215&name=FAYE&from_warning=true
http://rdc28.cwb.gov.tw/TDB/ntdb/pageControl/typhoon?year=1982&num=198213&name=DOT&from_warning=true
http://rdc28.cwb.gov.tw/TDB/ntdb/pageControl/typhoon?year=1982&num=198212&name=CECIL&from_warning=true
http://rdc28.cwb.gov.tw/TDB/ntdb/pageControl/typhoon?year=1982&num=198210&name=ANDY&from_warning=true
http://rdc28.cwb.gov.tw/TDB/ntdb/pageControl/typhoon?year=1982&num=198207&name=TESS&from_warning=true
http://rdc28.cwb.gov.tw/TDB/ntdb/pageControl/typhoon?year=1981&num=198125&name=IRMA&from_warning=true
http://rdc28.cwb.gov.tw/TDB/ntdb/pageControl/typhoon?year=1981&num=198123&name=GAY&from_warning=true
http://rdc28.cwb.gov.tw/TDB/ntdb/pageControl/typhoon?year=1981&num=198119&name=CLARA&from_warning=true
http://rdc28.cwb.gov.tw/TDB/ntdb/pageControl/typhoon?year=1981&num=198117&name=AGNES&from_warning=true
http://rdc28.cwb.gov.tw/TDB/ntdb/pageControl/typhoon?year=1981&num=198108&name=MAURY&from_warning=true
http://rdc28.cwb.gov.tw/TDB/ntdb/pageControl/typhoon?year=1981&num=198105&name=JUNE&from_warning=true
http://rdc28.cwb.gov.tw/TDB/ntdb/pageControl/typhoon?year=1981&num=198104&name=IKE&from_warning=true
http://rdc28.cwb.gov.tw/TDB/ntdb/pageControl/typhoon?year=1980&num=198021&name=BETTY&from_warning=true
http://rdc28.cwb.gov.tw/TDB/ntdb/pageControl/typhoon?year=1980&num=198019&name=WYNNE&from_warning=true
http://rdc28.cwb.gov.tw/TDB/ntdb/pageControl/typhoon?year=1980&num=198014&name=PERCY&from_warning=true
http://rdc28.cwb.gov.tw/TDB/ntdb/pageControl/typhoon?year=1980&num=198012&name=NORRIS&from_warning=true
http://rdc28.cwb.gov.tw/TDB/ntdb/pageControl/typhoon?year=1980&num=198009&name=KIM&from_warning=true
http://rdc28.cwb.gov.tw/TDB/ntdb/pageControl/typhoon?year=1980&num=198007&name=IDA&from_warning=true
http://rdc28.cwb.gov.tw/TDB/ntdb/pageControl/typhoon?year=1980&num=198005&name=GEORGIA&from_warning=true
http://rdc28.cwb.gov.tw/TDB/ntdb/pageControl/typhoon?year=1979&num=197919&name=TIP&from_warning=true
http://rdc28.cwb.gov.tw/TDB/ntdb/pageControl/typhoon?year=1979&num=197915&name=OWEN&from_warning=true
http://rdc28.cwb.gov.tw/TDB/ntdb/pageControl/typhoon?year=1979&num=197910&name=JUDY&from_warning=true
http://rdc28.cwb.gov.tw/TDB/ntdb/pageControl/typhoon?year=1979&num=197909&name=IRVING&from_warning=true
http://rdc28.cwb.gov.tw/TDB/ntdb/pageControl/typhoon?year=1979&num=197908&name=HOPE&from_warning=true
http://rdc28.cwb.gov.tw/TDB/ntdb/pageControl/typhoon?year=1979&num=197907&name=GORDON&from_warning=true
http://rdc28.cwb.gov.tw/TDB/ntdb/pageControl/typhoon?year=1979&num=197905&name=ELLIS&from_warning=true
http://rdc28.cwb.gov.tw/TDB/ntdb/pageControl/typhoon?year=1978&num=197823&name=ORA&from_warning=true
http://rdc28.cwb.gov.tw/TDB/ntdb/pageControl/typhoon?year=1978&num=197812&name=DELLA&from_warning=true
http://rdc28.cwb.gov.tw/TDB/ntdb/pageControl/typhoon?year=1978&num=197811&name=CARMEN&from_warning=true
http://rdc28.cwb.gov.tw/TDB/ntdb/pageControl/typhoon?year=1978&num=197808&name=WENDY&from_warning=true
http://rdc28.cwb.gov.tw/TDB/ntdb/pageControl/typhoon?year=1978&num=197804&name=ROSE&from_warning=true
http://rdc28.cwb.gov.tw/TDB/ntdb/pageControl/typhoon?year=1978&num=197802&name=OLIVE&from_warning=true
http://rdc28.cwb.gov.tw/TDB/ntdb/pageControl/typhoon?year=1977&num=197712&name=FREDA&from_warning=true
http://rdc28.cwb.gov.tw/TDB/ntdb/pageControl/typhoon?year=1977&num=197710&name=DINAH&from_warning=true
http://rdc28.cwb.gov.tw/TDB/ntdb/pageControl/typhoon?year=1977&num=197708&name=BABE&from_warning=true
http://rdc28.cwb.gov.tw/TDB/ntdb/pageControl/typhoon?year=1977&num=197707&name=AMY&from_warning=true
http://rdc28.cwb.gov.tw/TDB/ntdb/pageControl/typhoon?year=1977&num=197705&name=VERA&from_warning=true
http://rdc28.cwb.gov.tw/TDB/ntdb/pageControl/typhoon?year=1977&num=197704&name=THELMA&from_warning=true
http://rdc28.cwb.gov.tw/TDB/ntdb/pageControl/typhoon?year=1977&num=197702&name=RUTH&from_warning=true
http://rdc28.cwb.gov.tw/TDB/ntdb/pageControl/typhoon?year=1976&num=197623&name=MARGE&from_warning=true
http://rdc28.cwb.gov.tw/TDB/ntdb/pageControl/typhoon?year=1976&num=197622&name=LOUISE&from_warning=true
http://rdc28.cwb.gov.tw/TDB/ntdb/pageControl/typhoon?year=1976&num=197620&name=IRIS&from_warning=true
http://rdc28.cwb.gov.tw/TDB/ntdb/pageControl/typhoon?year=1976&num=197617&name=FRAN&from_warning=true
http://rdc28.cwb.gov.tw/TDB/ntdb/pageControl/typhoon?year=1976&num=197615&name=DOT&from_warning=true
http://rdc28.cwb.gov.tw/TDB/ntdb/pageControl/typhoon?year=1976&num=197613&name=BILLIE&from_warning=true
http://rdc28.cwb.gov.tw/TDB/ntdb/pageControl/typhoon?year=1976&num=197607&name=RUBY&from_warning=true
http://rdc28.cwb.gov.tw/TDB/ntdb/pageControl/typhoon?year=1975&num=197516&name=FLOSSIE&from_warning=true
http://rdc28.cwb.gov.tw/TDB/ntdb/pageControl/typhoon?year=1975&num=197515&name=ELSIE&from_warning=true
http://rdc28.cwb.gov.tw/TDB/ntdb/pageControl/typhoon?year=1975&num=197512&name=BETTY&from_warning=true
http://rdc28.cwb.gov.tw/TDB/ntdb/pageControl/typhoon?year=1975&num=197504&name=ORA&from_warning=true
http://rdc28.cwb.gov.tw/TDB/ntdb/pageControl/typhoon?year=1975&num=197503&name=NINA&from_warning=true
http://rdc28.cwb.gov.tw/TDB/ntdb/pageControl/typhoon?year=1974&num=197428&name=GLORIA&from_warning=true
http://rdc28.cwb.gov.tw/TDB/ntdb/pageControl/typhoon?year=1974&num=197426&name=ELAINE&from_warning=true
http://rdc28.cwb.gov.tw/TDB/ntdb/pageControl/typhoon?year=1974&num=197425&name=DELLA&from_warning=true
http://rdc28.cwb.gov.tw/TDB/ntdb/pageControl/typhoon?year=1974&num=197423&name=BESS&from_warning=true
http://rdc28.cwb.gov.tw/TDB/ntdb/pageControl/typhoon?year=1974&num=197421&name=WENDY&from_warning=true
http://rdc28.cwb.gov.tw/TDB/ntdb/pageControl/typhoon?year=1974&num=197413&name=LUCY&from_warning=true
http://rdc28.cwb.gov.tw/TDB/ntdb/pageControl/typhoon?year=1974&num=197411&name=JEAN&from_warning=true
http://rdc28.cwb.gov.tw/TDB/ntdb/pageControl/typhoon?year=1974&num=197406&name=EMMA&from_warning=true
http://rdc28.cwb.gov.tw/TDB/ntdb/pageControl/typhoon?year=1973&num=197317&name=PATSY&from_warning=true
http://rdc28.cwb.gov.tw/TDB/ntdb/pageControl/typhoon?year=1973&num=197315&name=NORA&from_warning=true
http://rdc28.cwb.gov.tw/TDB/ntdb/pageControl/typhoon?year=1973&num=197311&name=JOAN&from_warning=true
http://rdc28.cwb.gov.tw/TDB/ntdb/pageControl/typhoon?year=1973&num=197307&name=FRAN&from_warning=true
http://rdc28.cwb.gov.tw/TDB/ntdb/pageControl/typhoon?year=1973&num=197303&name=BILLIE&from_warning=true
http://rdc28.cwb.gov.tw/TDB/ntdb/pageControl/typhoon?year=1973&num=197301&name=WILDA&from_warning=true
http://rdc28.cwb.gov.tw/TDB/ntdb/pageControl/typhoon?year=1972&num=197213&name=BETTY&from_warning=true
http://rdc28.cwb.gov.tw/TDB/ntdb/pageControl/typhoon?year=1972&num=197211&name=WINNIE&from_warning=true
http://rdc28.cwb.gov.tw/TDB/ntdb/pageControl/typhoon?year=1972&num=197208&name=SUSAN&from_warning=true
http://rdc28.cwb.gov.tw/TDB/ntdb/pageControl/typhoon?year=1972&num=197207&name=RITA&from_warning=true
http://rdc28.cwb.gov.tw/TDB/ntdb/pageControl/typhoon?year=1971&num=197127&name=BESS&from_warning=true
http://rdc28.cwb.gov.tw/TDB/ntdb/pageControl/typhoon?year=1971&num=197126&name=AGNES&from_warning=true
http://rdc28.cwb.gov.tw/TDB/ntdb/pageControl/typhoon?year=1971&num=197118&name=NADINE&from_warning=true
http://rdc28.cwb.gov.tw/TDB/ntdb/pageControl/typhoon?year=1971&num=197116&name=LUCY&from_warning=true
http://rdc28.cwb.gov.tw/TDB/ntdb/pageControl/typhoon?year=1971&num=197106&name=BABE&from_warning=true
http://rdc28.cwb.gov.tw/TDB/ntdb/pageControl/typhoon?year=1970&num=197015&name=FRAN&from_warning=true
http://rdc28.cwb.gov.tw/TDB/ntdb/pageControl/typhoon?year=1970&num=197009&name=WILDA&from_warning=true
http://rdc28.cwb.gov.tw/TDB/ntdb/pageControl/typhoon?year=1970&num=197002&name=OLGA&from_warning=true
http://rdc28.cwb.gov.tw/TDB/ntdb/pageControl/typhoon?year=1969&num=196912&name=FLOSSIE&from_warning=true
http://rdc28.cwb.gov.tw/TDB/ntdb/pageControl/typhoon?year=1969&num=196911&name=ELSIE&from_warning=true
http://rdc28.cwb.gov.tw/TDB/ntdb/pageControl/typhoon?year=1969&num=196909&name=CORA&from_warning=true
http://rdc28.cwb.gov.tw/TDB/ntdb/pageControl/typhoon?year=1969&num=196908&name=BETTY&from_warning=true
http://rdc28.cwb.gov.tw/TDB/ntdb/pageControl/typhoon?year=1969&num=196906&name=WINNIE&from_warning=true
http://rdc28.cwb.gov.tw/TDB/ntdb/pageControl/typhoon?year=1969&num=196905&name=VIOLA&from_warning=true
http://rdc28.cwb.gov.tw/TDB/ntdb/pageControl/typhoon?year=1968&num=196817&name=ELAINE&from_warning=true
http://rdc28.cwb.gov.tw/TDB/ntdb/pageControl/typhoon?year=1968&num=196816&name=DELLA&from_warning=true
http://rdc28.cwb.gov.tw/TDB/ntdb/pageControl/typhoon?year=1968&num=196812&name=WENDY&from_warning=true
